<?xml version="1.0" encoding="UTF-8"?>
<!-- Generated by org.testng.reporters.JUnitReportReporter -->
<testsuite name="matimony.matrimony.com.Refine_Activeonlinenow" tests="1" time="738.875" ignored="0" failures="0" timestamp="04 Apr 2020 11:41:20 GMT" skipped="0" hostname="vijay-PC" errors="0">
  <testcase name="setup6" time="738.875" classname="matimony.matrimony.com.Refine_Activeonlinenow"/>
</testsuite> <!-- matimony.matrimony.com.Refine_Activeonlinenow -->
