<?xml version="1.0" encoding="UTF-8"?>
<!-- Generated by org.testng.reporters.JUnitReportReporter -->
<testsuite name="matimony.matrimony.com.Communicationsetting" tests="1" time="377.500" ignored="0" failures="0" timestamp="13 Apr 2020 08:17:03 GMT" skipped="0" hostname="vijay-PC" errors="0">
  <testcase name="setup6" time="377.500" classname="matimony.matrimony.com.Communicationsetting"/>
</testsuite> <!-- matimony.matrimony.com.Communicationsetting -->
