<?xml version="1.0" encoding="UTF-8"?>
<!-- Generated by org.testng.reporters.JUnitReportReporter -->
<testsuite name="matimony.matrimony.com.accountsettings" tests="1" time="131.796" ignored="0" failures="0" timestamp="15 Apr 2020 06:00:21 GMT" skipped="0" hostname="vijay-PC" errors="0">
  <testcase name="setup6" time="131.796" classname="matimony.matrimony.com.accountsettings"/>
</testsuite> <!-- matimony.matrimony.com.accountsettings -->
