<?xml version="1.0" encoding="UTF-8"?>
<!-- Generated by org.testng.reporters.JUnitReportReporter -->
<testsuite name="matimony.matrimony.com.accountsettingsdeleted" tests="1" time="252.326" ignored="0" failures="0" timestamp="16 Apr 2020 18:36:23 GMT" skipped="0" hostname="vijay-PC" errors="0">
  <testcase name="setup6" time="252.326" classname="matimony.matrimony.com.accountsettingsdeleted"/>
</testsuite> <!-- matimony.matrimony.com.accountsettingsdeleted -->
